<?xml version="1.0" encoding="UTF-8"?>
<!-- Generated by org.testng.reporters.JUnitReportReporter -->
<testsuite hostname="Sudha-PC" name="com.hrms.testscripts.TC001" tests="1" failures="0" timestamp="12 Dec 2020 20:31:54 GMT" time="51.821" errors="0">
  <testcase name="tc001" time="51.821" classname="com.hrms.testscripts.TC001"/>
</testsuite> <!-- com.hrms.testscripts.TC001 -->
